2018-04-08 17:39:18.377 INFO [main][AbstractApplicationContext.java:589] - Refreshing org.springframework.context.support.ClassPathXmlApplicationContext@71c8becc: startup date [Sun Apr 08 17:39:18 CST 2018]; root of context hierarchy
2018-04-08 17:39:18.674 INFO [main][BaseTest.java:30] - ==初始化==
2018-04-08 17:39:18.675 INFO [main][BaseTest.java:45] - ==after==
2018-04-08 17:39:18.676 INFO [main][AbstractApplicationContext.java:989] - Closing org.springframework.context.support.ClassPathXmlApplicationContext@71c8becc: startup date [Sun Apr 08 17:39:18 CST 2018]; root of context hierarchy
2018-04-08 17:40:27.540 INFO [main][AbstractApplicationContext.java:589] - Refreshing org.springframework.context.support.ClassPathXmlApplicationContext@71c8becc: startup date [Sun Apr 08 17:40:27 CST 2018]; root of context hierarchy
2018-04-08 17:40:27.771 INFO [main][BaseTest.java:30] - ==初始化==
2018-04-08 17:40:27.772 INFO [main][BaseTest.java:45] - ==after==
2018-04-08 17:40:27.772 INFO [main][AbstractApplicationContext.java:989] - Closing org.springframework.context.support.ClassPathXmlApplicationContext@71c8becc: startup date [Sun Apr 08 17:40:27 CST 2018]; root of context hierarchy
2018-04-08 17:41:06.418 INFO [main][AbstractApplicationContext.java:589] - Refreshing org.springframework.context.support.ClassPathXmlApplicationContext@71c8becc: startup date [Sun Apr 08 17:41:06 CST 2018]; root of context hierarchy
2018-04-08 17:41:06.661 INFO [main][BaseTest.java:30] - ==初始化==
2018-04-08 17:41:06.663 INFO [main][BaseTest.java:45] - ==after==
2018-04-08 17:41:06.664 INFO [main][AbstractApplicationContext.java:989] - Closing org.springframework.context.support.ClassPathXmlApplicationContext@71c8becc: startup date [Sun Apr 08 17:41:06 CST 2018]; root of context hierarchy
2018-04-08 17:43:40.941 INFO [main][AbstractApplicationContext.java:589] - Refreshing org.springframework.context.support.ClassPathXmlApplicationContext@71c8becc: startup date [Sun Apr 08 17:43:40 CST 2018]; root of context hierarchy
2018-04-08 17:43:41.128 INFO [main][BaseTest.java:30] - ==初始化==
2018-04-08 17:43:41.130 INFO [main][BaseTest.java:45] - ==after==
2018-04-08 17:43:41.130 INFO [main][AbstractApplicationContext.java:989] - Closing org.springframework.context.support.ClassPathXmlApplicationContext@71c8becc: startup date [Sun Apr 08 17:43:40 CST 2018]; root of context hierarchy
2018-04-08 17:44:59.838 INFO [main][AbstractApplicationContext.java:589] - Refreshing org.springframework.context.support.ClassPathXmlApplicationContext@71c8becc: startup date [Sun Apr 08 17:44:59 CST 2018]; root of context hierarchy
2018-04-08 17:44:59.984 INFO [main][XmlBeanDefinitionReader.java:316] - Loading XML bean definitions from file [F:\代码\parking\parking-service\parking-service-impl\target\classes\spring\applicationContext-datasource.xml]
2018-04-08 17:45:00.397 INFO [main][XmlBeanDefinitionReader.java:316] - Loading XML bean definitions from file [F:\代码\parking\parking-service\parking-service-impl\target\classes\spring\applicationContext-mybatis.xml]
2018-04-08 17:45:00.628 INFO [main][XmlBeanDefinitionReader.java:316] - Loading XML bean definitions from file [F:\代码\parking\parking-common\target\classes\spring\applicationContext-common.xml]
2018-04-08 17:45:02.839 INFO [main][Log4j2Impl.java:106] - {dataSource-1} inited
2018-04-08 17:45:05.538 INFO [main][BaseTest.java:30] - ==初始化==
2018-04-08 17:45:05.541 INFO [main][UsersServiceTest.java:33] - usersService:com.carlinfo.parking.users.service.impl.UsersServiceImpl@36546a22
2018-04-08 17:45:05.726 DEBUG [main][BaseJdbcLogger.java:159] - ==>  Preparing: INSERT INTO admins (ssoId, email, trueName, status, createTime, updateTime, lastLoginTime) VALUES (?,?,?,?,?,?,?); 
2018-04-08 17:45:05.982 DEBUG [main][BaseJdbcLogger.java:159] - ==> Parameters: 0(Integer), 11@11.com(String), null, 0(Byte), 2018-04-08 17:45:05.542(Timestamp), 2018-04-08 17:45:05.542(Timestamp), 2018-04-08 17:45:05.542(Timestamp)
2018-04-08 17:45:06.259 DEBUG [main][BaseJdbcLogger.java:159] - <==    Updates: 1
2018-04-08 17:45:06.550 INFO [main][UsersServiceTest.java:48] - --结果->{code=0, data={effect=1, id=5}, info=成功}
2018-04-08 17:45:06.552 INFO [main][BaseTest.java:45] - ==after==
2018-04-08 17:45:06.553 INFO [main][AbstractApplicationContext.java:989] - Closing org.springframework.context.support.ClassPathXmlApplicationContext@71c8becc: startup date [Sun Apr 08 17:44:59 CST 2018]; root of context hierarchy
2018-04-08 17:45:06.560 INFO [main][Log4j2Impl.java:106] - {dataSource-1} closed
2018-04-08 17:45:42.717 INFO [main][AbstractApplicationContext.java:589] - Refreshing org.springframework.context.support.ClassPathXmlApplicationContext@71c8becc: startup date [Sun Apr 08 17:45:42 CST 2018]; root of context hierarchy
2018-04-08 17:45:42.830 INFO [main][XmlBeanDefinitionReader.java:316] - Loading XML bean definitions from file [F:\代码\parking\parking-service\parking-service-impl\target\classes\spring\applicationContext-datasource.xml]
2018-04-08 17:45:43.047 INFO [main][XmlBeanDefinitionReader.java:316] - Loading XML bean definitions from file [F:\代码\parking\parking-service\parking-service-impl\target\classes\spring\applicationContext-mybatis.xml]
2018-04-08 17:45:43.158 INFO [main][XmlBeanDefinitionReader.java:316] - Loading XML bean definitions from file [F:\代码\parking\parking-common\target\classes\spring\applicationContext-common.xml]
2018-04-08 17:45:44.501 INFO [main][Log4j2Impl.java:106] - {dataSource-1} inited
2018-04-08 17:45:45.508 INFO [main][BaseTest.java:30] - ==初始化==
2018-04-08 17:45:45.512 INFO [main][UsersServiceTest.java:33] - usersService:com.carlinfo.parking.users.service.impl.UsersServiceImpl@285c08c8
2018-04-08 17:45:45.820 DEBUG [main][BaseJdbcLogger.java:159] - ==>  Preparing: SELECT count(0) FROM admins WHERE status = ? 
2018-04-08 17:45:45.884 DEBUG [main][BaseJdbcLogger.java:159] - ==> Parameters: 0(String)
2018-04-08 17:45:45.959 DEBUG [main][BaseJdbcLogger.java:159] - <==      Total: 1
2018-04-08 17:45:45.962 DEBUG [main][BaseJdbcLogger.java:159] - ==>  Preparing: select * from admins WHERE status = ? order by createTime desc LIMIT ? 
2018-04-08 17:45:45.965 DEBUG [main][BaseJdbcLogger.java:159] - ==> Parameters: 0(String), 10(Integer)
2018-04-08 17:45:45.983 DEBUG [main][BaseJdbcLogger.java:159] - <==      Total: 2
2018-04-08 17:45:46.101 INFO [main][UsersServiceTest.java:115] - admins:id:5,email:11@11.com
2018-04-08 17:45:46.101 INFO [main][UsersServiceTest.java:115] - admins:id:2,email:11@11.com
2018-04-08 17:45:46.102 INFO [main][UsersServiceTest.java:118] - 分页信息:PageInfoUtil [totalRecord=2, pageSize=10, totalPage=1, currentPage=1, prePage=1, nextPage=1, currentRecord=0]
2018-04-08 17:45:46.102 INFO [main][BaseTest.java:45] - ==after==
2018-04-08 17:45:46.103 INFO [main][AbstractApplicationContext.java:989] - Closing org.springframework.context.support.ClassPathXmlApplicationContext@71c8becc: startup date [Sun Apr 08 17:45:42 CST 2018]; root of context hierarchy
2018-04-08 17:45:46.111 INFO [main][Log4j2Impl.java:106] - {dataSource-1} closed
2018-04-08 17:46:33.179 INFO [main][AbstractApplicationContext.java:589] - Refreshing org.springframework.context.support.ClassPathXmlApplicationContext@71c8becc: startup date [Sun Apr 08 17:46:33 CST 2018]; root of context hierarchy
2018-04-08 17:46:33.289 INFO [main][XmlBeanDefinitionReader.java:316] - Loading XML bean definitions from file [F:\代码\parking\parking-service\parking-service-impl\target\classes\spring\applicationContext-datasource.xml]
2018-04-08 17:46:33.482 INFO [main][XmlBeanDefinitionReader.java:316] - Loading XML bean definitions from file [F:\代码\parking\parking-service\parking-service-impl\target\classes\spring\applicationContext-mybatis.xml]
2018-04-08 17:46:33.572 INFO [main][XmlBeanDefinitionReader.java:316] - Loading XML bean definitions from file [F:\代码\parking\parking-common\target\classes\spring\applicationContext-common.xml]
2018-04-08 17:46:34.792 INFO [main][Log4j2Impl.java:106] - {dataSource-1} inited
2018-04-08 17:46:35.798 INFO [main][BaseTest.java:30] - ==初始化==
2018-04-08 17:46:35.801 INFO [main][UsersServiceTest.java:33] - usersService:com.carlinfo.parking.users.service.impl.UsersServiceImpl@36546a22
2018-04-08 17:46:35.901 DEBUG [main][BaseJdbcLogger.java:159] - ==>  Preparing: select * from admins WHERE id = ? 
2018-04-08 17:46:35.962 DEBUG [main][BaseJdbcLogger.java:159] - ==> Parameters: 1(String)
2018-04-08 17:46:36.045 DEBUG [main][BaseJdbcLogger.java:159] - <==      Total: 1
2018-04-08 17:46:36.180 INFO [main][UsersServiceTest.java:92] - admins:id:1,email:11@11.com_aaa_aaa
2018-04-08 17:46:36.182 INFO [main][BaseTest.java:45] - ==after==
2018-04-08 17:46:36.184 INFO [main][AbstractApplicationContext.java:989] - Closing org.springframework.context.support.ClassPathXmlApplicationContext@71c8becc: startup date [Sun Apr 08 17:46:33 CST 2018]; root of context hierarchy
2018-04-08 17:46:36.194 INFO [main][Log4j2Impl.java:106] - {dataSource-1} closed
2018-04-08 17:46:46.756 INFO [main][AbstractApplicationContext.java:589] - Refreshing org.springframework.context.support.ClassPathXmlApplicationContext@71c8becc: startup date [Sun Apr 08 17:46:46 CST 2018]; root of context hierarchy
2018-04-08 17:46:46.857 INFO [main][XmlBeanDefinitionReader.java:316] - Loading XML bean definitions from file [F:\代码\parking\parking-service\parking-service-impl\target\classes\spring\applicationContext-datasource.xml]
2018-04-08 17:46:47.045 INFO [main][XmlBeanDefinitionReader.java:316] - Loading XML bean definitions from file [F:\代码\parking\parking-service\parking-service-impl\target\classes\spring\applicationContext-mybatis.xml]
2018-04-08 17:46:47.134 INFO [main][XmlBeanDefinitionReader.java:316] - Loading XML bean definitions from file [F:\代码\parking\parking-common\target\classes\spring\applicationContext-common.xml]
2018-04-08 17:46:48.438 INFO [main][Log4j2Impl.java:106] - {dataSource-1} inited
2018-04-08 17:46:49.488 INFO [main][BaseTest.java:30] - ==初始化==
2018-04-08 17:46:49.492 INFO [main][UsersServiceTest.java:33] - usersService:com.carlinfo.parking.users.service.impl.UsersServiceImpl@285c08c8
2018-04-08 17:46:49.562 DEBUG [main][BaseJdbcLogger.java:159] - ==>  Preparing: INSERT INTO admins (ssoId, email, trueName, status, createTime, updateTime, lastLoginTime) VALUES (?,?,?,?,?,?,?); 
2018-04-08 17:46:49.631 DEBUG [main][BaseJdbcLogger.java:159] - ==> Parameters: 0(Integer), 11@11.com(String), null, 0(Byte), 2018-04-08 17:46:49.493(Timestamp), 2018-04-08 17:46:49.493(Timestamp), 2018-04-08 17:46:49.493(Timestamp)
2018-04-08 17:46:49.700 DEBUG [main][BaseJdbcLogger.java:159] - <==    Updates: 1
2018-04-08 17:46:49.845 INFO [main][UsersServiceTest.java:48] - --结果->{code=0, data={effect=1, id=6}, info=成功}
2018-04-08 17:46:49.846 INFO [main][BaseTest.java:45] - ==after==
2018-04-08 17:46:49.847 INFO [main][AbstractApplicationContext.java:989] - Closing org.springframework.context.support.ClassPathXmlApplicationContext@71c8becc: startup date [Sun Apr 08 17:46:46 CST 2018]; root of context hierarchy
2018-04-08 17:46:49.855 INFO [main][Log4j2Impl.java:106] - {dataSource-1} closed
2018-04-08 17:47:29.710 INFO [main][AbstractApplicationContext.java:589] - Refreshing org.springframework.context.support.ClassPathXmlApplicationContext@71c8becc: startup date [Sun Apr 08 17:47:29 CST 2018]; root of context hierarchy
2018-04-08 17:47:29.829 INFO [main][XmlBeanDefinitionReader.java:316] - Loading XML bean definitions from file [F:\代码\parking\parking-service\parking-service-impl\target\classes\spring\applicationContext-datasource.xml]
2018-04-08 17:47:30.000 INFO [main][XmlBeanDefinitionReader.java:316] - Loading XML bean definitions from file [F:\代码\parking\parking-service\parking-service-impl\target\classes\spring\applicationContext-mybatis.xml]
2018-04-08 17:47:30.095 INFO [main][XmlBeanDefinitionReader.java:316] - Loading XML bean definitions from file [F:\代码\parking\parking-common\target\classes\spring\applicationContext-common.xml]
2018-04-08 17:47:31.369 INFO [main][Log4j2Impl.java:106] - {dataSource-1} inited
2018-04-08 17:47:32.367 INFO [main][BaseTest.java:30] - ==初始化==
2018-04-08 17:47:32.371 INFO [main][UsersServiceTest.java:33] - usersService:com.carlinfo.parking.users.service.impl.UsersServiceImpl@285c08c8
2018-04-08 17:47:32.503 DEBUG [main][BaseJdbcLogger.java:159] - ==>  Preparing: select * from admins WHERE id = ? 
2018-04-08 17:47:32.563 DEBUG [main][BaseJdbcLogger.java:159] - ==> Parameters: 2(String)
2018-04-08 17:47:32.608 DEBUG [main][BaseJdbcLogger.java:159] - <==      Total: 1
2018-04-08 17:47:32.628 DEBUG [main][BaseJdbcLogger.java:159] - ==>  Preparing: update admins SET ssoId=?,email=?,trueName=?,status=?,createTime=?,updateTime=?, lastLoginTime=? WHERE id = ? 
2018-04-08 17:47:32.638 DEBUG [main][BaseJdbcLogger.java:159] - ==> Parameters: 0(Integer), 11@11.com_aaa(String), null, 0(Byte), 2018-03-22 10:23:02.0(Timestamp), 2018-04-08 17:47:32.614(Timestamp), 2018-03-22 10:23:02.0(Timestamp), 2(Integer)
2018-04-08 17:47:32.751 DEBUG [main][BaseJdbcLogger.java:159] - <==    Updates: 1
2018-04-08 17:47:32.873 INFO [main][UsersServiceTest.java:66] - --结果->{code=0, data={effect=1, id=2}, info=成功}
2018-04-08 17:47:32.873 INFO [main][BaseTest.java:45] - ==after==
2018-04-08 17:47:32.874 INFO [main][AbstractApplicationContext.java:989] - Closing org.springframework.context.support.ClassPathXmlApplicationContext@71c8becc: startup date [Sun Apr 08 17:47:29 CST 2018]; root of context hierarchy
2018-04-08 17:47:32.883 INFO [main][Log4j2Impl.java:106] - {dataSource-1} closed
2018-04-08 17:48:07.168 INFO [main][AbstractApplicationContext.java:589] - Refreshing org.springframework.context.support.ClassPathXmlApplicationContext@71c8becc: startup date [Sun Apr 08 17:48:07 CST 2018]; root of context hierarchy
2018-04-08 17:48:07.270 INFO [main][XmlBeanDefinitionReader.java:316] - Loading XML bean definitions from file [F:\代码\parking\parking-service\parking-service-impl\target\classes\spring\applicationContext-datasource.xml]
2018-04-08 17:48:07.455 INFO [main][XmlBeanDefinitionReader.java:316] - Loading XML bean definitions from file [F:\代码\parking\parking-service\parking-service-impl\target\classes\spring\applicationContext-mybatis.xml]
2018-04-08 17:48:07.547 INFO [main][XmlBeanDefinitionReader.java:316] - Loading XML bean definitions from file [F:\代码\parking\parking-common\target\classes\spring\applicationContext-common.xml]
2018-04-08 17:48:08.838 INFO [main][Log4j2Impl.java:106] - {dataSource-1} inited
2018-04-08 17:48:09.836 INFO [main][BaseTest.java:30] - ==初始化==
2018-04-08 17:48:09.840 INFO [main][UsersServiceTest.java:33] - usersService:com.carlinfo.parking.users.service.impl.UsersServiceImpl@285c08c8
2018-04-08 17:48:09.927 DEBUG [main][BaseJdbcLogger.java:159] - ==>  Preparing: delete from admins WHERE id = ? 
2018-04-08 17:48:09.982 DEBUG [main][BaseJdbcLogger.java:159] - ==> Parameters: 5(String)
2018-04-08 17:48:10.069 DEBUG [main][BaseJdbcLogger.java:159] - <==    Updates: 1
2018-04-08 17:48:10.170 INFO [main][UsersServiceTest.java:79] - --结果->{code=0, data={effect=1, id=5}, info=成功}
2018-04-08 17:48:10.170 INFO [main][BaseTest.java:45] - ==after==
2018-04-08 17:48:10.171 INFO [main][AbstractApplicationContext.java:989] - Closing org.springframework.context.support.ClassPathXmlApplicationContext@71c8becc: startup date [Sun Apr 08 17:48:07 CST 2018]; root of context hierarchy
2018-04-08 17:48:10.176 INFO [main][Log4j2Impl.java:106] - {dataSource-1} closed
2018-04-08 18:25:41.097 INFO [main][AbstractApplicationContext.java:589] - Refreshing org.springframework.context.support.ClassPathXmlApplicationContext@71c8becc: startup date [Sun Apr 08 18:25:41 CST 2018]; root of context hierarchy
2018-04-08 18:25:41.192 INFO [main][XmlBeanDefinitionReader.java:316] - Loading XML bean definitions from file [F:\代码\parking\parking-service\parking-service-impl\target\classes\spring\applicationContext-datasource.xml]
2018-04-08 18:25:41.377 INFO [main][XmlBeanDefinitionReader.java:316] - Loading XML bean definitions from file [F:\代码\parking\parking-service\parking-service-impl\target\classes\spring\applicationContext-mybatis.xml]
2018-04-08 18:25:41.475 INFO [main][XmlBeanDefinitionReader.java:316] - Loading XML bean definitions from file [F:\代码\parking\parking-common\target\classes\spring\applicationContext-common.xml]
2018-04-08 18:25:42.764 INFO [main][Log4j2Impl.java:106] - {dataSource-1} inited
2018-04-08 18:25:43.827 INFO [main][BaseTest.java:30] - ==初始化==
2018-04-08 18:25:43.832 INFO [main][UsersServiceTest.java:34] - usersService:com.carlinfo.parking.users.service.impl.UsersServiceImpl@5b11a194
2018-04-08 18:25:43.901 DEBUG [main][BaseJdbcLogger.java:159] - ==>  Preparing: INSERT INTO users (ssoId, email, status, createTime, updateTime, lastLoginTime) VALUES (?,?,?,?,?,?); 
2018-04-08 18:25:43.979 DEBUG [main][BaseJdbcLogger.java:159] - ==> Parameters: 0(Integer), 11@11.com(String), 0(Byte), 2018-04-08 18:25:43.833(Timestamp), 2018-04-08 18:25:43.833(Timestamp), 2018-04-08 18:25:43.833(Timestamp)
2018-04-08 18:25:44.062 DEBUG [main][BaseJdbcLogger.java:159] - <==    Updates: 1
2018-04-08 18:25:44.195 INFO [main][UsersServiceTest.java:132] - --结果->{code=0, data={effect=1, id=4}, info=成功}
2018-04-08 18:25:44.196 INFO [main][BaseTest.java:45] - ==after==
2018-04-08 18:25:44.196 INFO [main][AbstractApplicationContext.java:989] - Closing org.springframework.context.support.ClassPathXmlApplicationContext@71c8becc: startup date [Sun Apr 08 18:25:41 CST 2018]; root of context hierarchy
2018-04-08 18:25:44.204 INFO [main][Log4j2Impl.java:106] - {dataSource-1} closed
2018-04-08 18:28:51.614 INFO [main][AbstractApplicationContext.java:589] - Refreshing org.springframework.context.support.ClassPathXmlApplicationContext@71c8becc: startup date [Sun Apr 08 18:28:51 CST 2018]; root of context hierarchy
2018-04-08 18:28:51.729 INFO [main][XmlBeanDefinitionReader.java:316] - Loading XML bean definitions from file [F:\代码\parking\parking-service\parking-service-impl\target\classes\spring\applicationContext-datasource.xml]
2018-04-08 18:28:51.948 INFO [main][XmlBeanDefinitionReader.java:316] - Loading XML bean definitions from file [F:\代码\parking\parking-service\parking-service-impl\target\classes\spring\applicationContext-mybatis.xml]
2018-04-08 18:28:52.079 INFO [main][XmlBeanDefinitionReader.java:316] - Loading XML bean definitions from file [F:\代码\parking\parking-common\target\classes\spring\applicationContext-common.xml]
2018-04-08 18:28:53.347 INFO [main][Log4j2Impl.java:106] - {dataSource-1} inited
2018-04-08 18:28:54.410 INFO [main][BaseTest.java:30] - ==初始化==
2018-04-08 18:28:54.414 INFO [main][UsersServiceTest.java:34] - usersService:com.carlinfo.parking.users.service.impl.UsersServiceImpl@242aa8d9
2018-04-08 18:28:54.584 DEBUG [main][BaseJdbcLogger.java:159] - ==>  Preparing: SELECT count(0) FROM admins WHERE status = ? 
2018-04-08 18:28:54.640 DEBUG [main][BaseJdbcLogger.java:159] - ==> Parameters: 0(String)
2018-04-08 18:28:54.672 DEBUG [main][BaseJdbcLogger.java:159] - <==      Total: 1
2018-04-08 18:28:54.676 DEBUG [main][BaseJdbcLogger.java:159] - ==>  Preparing: select * from admins WHERE status = ? order by createTime desc LIMIT ? 
2018-04-08 18:28:54.678 DEBUG [main][BaseJdbcLogger.java:159] - ==> Parameters: 0(String), 10(Integer)
2018-04-08 18:28:54.684 DEBUG [main][BaseJdbcLogger.java:159] - <==      Total: 2
2018-04-08 18:28:54.808 INFO [main][UsersServiceTest.java:116] - admins:id:6,email:11@11.com
2018-04-08 18:28:54.808 INFO [main][UsersServiceTest.java:116] - admins:id:2,email:11@11.com_aaa
2018-04-08 18:28:54.808 INFO [main][UsersServiceTest.java:119] - 分页信息:PageInfoUtil [totalRecord=2, pageSize=10, totalPage=1, currentPage=1, prePage=1, nextPage=1, currentRecord=0]
2018-04-08 18:28:54.809 INFO [main][BaseTest.java:45] - ==after==
2018-04-08 18:28:54.810 INFO [main][AbstractApplicationContext.java:989] - Closing org.springframework.context.support.ClassPathXmlApplicationContext@71c8becc: startup date [Sun Apr 08 18:28:51 CST 2018]; root of context hierarchy
2018-04-08 18:28:54.817 INFO [main][Log4j2Impl.java:106] - {dataSource-1} closed
2018-04-08 18:34:32.577 INFO [main][AbstractApplicationContext.java:589] - Refreshing org.springframework.context.support.ClassPathXmlApplicationContext@71c8becc: startup date [Sun Apr 08 18:34:32 CST 2018]; root of context hierarchy
2018-04-08 18:34:32.676 INFO [main][XmlBeanDefinitionReader.java:316] - Loading XML bean definitions from file [F:\代码\parking\parking-service\parking-service-impl\target\classes\spring\applicationContext-datasource.xml]
2018-04-08 18:34:32.869 INFO [main][XmlBeanDefinitionReader.java:316] - Loading XML bean definitions from file [F:\代码\parking\parking-service\parking-service-impl\target\classes\spring\applicationContext-mybatis.xml]
2018-04-08 18:34:32.985 INFO [main][XmlBeanDefinitionReader.java:316] - Loading XML bean definitions from file [F:\代码\parking\parking-common\target\classes\spring\applicationContext-common.xml]
2018-04-08 18:34:34.281 INFO [main][Log4j2Impl.java:106] - {dataSource-1} inited
2018-04-08 18:34:35.441 INFO [main][BaseTest.java:30] - ==初始化==
2018-04-08 18:34:35.445 INFO [main][UsersServiceTest.java:34] - usersService:com.carlinfo.parking.users.service.impl.UsersServiceImpl@37bd68c3
2018-04-08 18:34:35.571 DEBUG [main][BaseJdbcLogger.java:159] - ==>  Preparing: INSERT INTO users (ssoId, email, status, createTime, updateTime, lastLoginTime) VALUES (?,?,?,?,?,?); 
2018-04-08 18:34:35.673 DEBUG [main][BaseJdbcLogger.java:159] - ==> Parameters: 0(Integer), 11@11.com(String), 0(Byte), 2018-04-08 18:34:35.448(Timestamp), 2018-04-08 18:34:35.448(Timestamp), 2018-04-08 18:34:35.448(Timestamp)
2018-04-08 18:34:35.751 DEBUG [main][BaseJdbcLogger.java:159] - <==    Updates: 1
2018-04-08 18:34:35.882 INFO [main][UsersServiceTest.java:132] - --结果->{code=0, data={effect=1, id=5}, info=成功}
2018-04-08 18:34:35.883 INFO [main][BaseTest.java:45] - ==after==
2018-04-08 18:34:35.884 INFO [main][AbstractApplicationContext.java:989] - Closing org.springframework.context.support.ClassPathXmlApplicationContext@71c8becc: startup date [Sun Apr 08 18:34:32 CST 2018]; root of context hierarchy
2018-04-08 18:34:35.889 INFO [main][Log4j2Impl.java:106] - {dataSource-1} closed
2018-04-08 18:34:51.843 INFO [main][AbstractApplicationContext.java:589] - Refreshing org.springframework.context.support.ClassPathXmlApplicationContext@71c8becc: startup date [Sun Apr 08 18:34:51 CST 2018]; root of context hierarchy
2018-04-08 18:34:51.949 INFO [main][XmlBeanDefinitionReader.java:316] - Loading XML bean definitions from file [F:\代码\parking\parking-service\parking-service-impl\target\classes\spring\applicationContext-datasource.xml]
2018-04-08 18:34:52.132 INFO [main][XmlBeanDefinitionReader.java:316] - Loading XML bean definitions from file [F:\代码\parking\parking-service\parking-service-impl\target\classes\spring\applicationContext-mybatis.xml]
2018-04-08 18:34:52.218 INFO [main][XmlBeanDefinitionReader.java:316] - Loading XML bean definitions from file [F:\代码\parking\parking-common\target\classes\spring\applicationContext-common.xml]
2018-04-08 18:34:53.497 INFO [main][Log4j2Impl.java:106] - {dataSource-1} inited
2018-04-08 18:34:54.510 INFO [main][BaseTest.java:30] - ==初始化==
2018-04-08 18:34:54.515 INFO [main][UsersServiceTest.java:34] - usersService:com.carlinfo.parking.users.service.impl.UsersServiceImpl@37bd68c3
2018-04-08 18:34:54.622 DEBUG [main][BaseJdbcLogger.java:159] - ==>  Preparing: select * from users WHERE id = ? 
2018-04-08 18:34:54.675 DEBUG [main][BaseJdbcLogger.java:159] - ==> Parameters: 2(String)
2018-04-08 18:34:54.705 DEBUG [main][BaseJdbcLogger.java:159] - <==      Total: 1
2018-04-08 18:34:54.719 DEBUG [main][BaseJdbcLogger.java:159] - ==>  Preparing: update users SET ssoId=?,email=?,status=?,createTime=?,updateTime=?, lastLoginTime=? WHERE id = ? 
2018-04-08 18:34:54.726 DEBUG [main][BaseJdbcLogger.java:159] - ==> Parameters: 1(Integer), null_aaa(String), 1(Byte), 2017-02-04 18:01:50.0(Timestamp), 2018-04-08 18:34:54.708(Timestamp), 2017-02-04 18:01:50.0(Timestamp), 2(Integer)
2018-04-08 18:34:54.807 DEBUG [main][BaseJdbcLogger.java:159] - <==    Updates: 1
2018-04-08 18:34:54.922 INFO [main][UsersServiceTest.java:147] - --结果->{code=0, data={effect=1, id=2}, info=成功}
2018-04-08 18:34:54.923 INFO [main][BaseTest.java:45] - ==after==
2018-04-08 18:34:54.924 INFO [main][AbstractApplicationContext.java:989] - Closing org.springframework.context.support.ClassPathXmlApplicationContext@71c8becc: startup date [Sun Apr 08 18:34:51 CST 2018]; root of context hierarchy
2018-04-08 18:34:54.930 INFO [main][Log4j2Impl.java:106] - {dataSource-1} closed
2018-04-08 20:22:54.745 INFO [main][AbstractApplicationContext.java:589] - Refreshing org.springframework.context.support.ClassPathXmlApplicationContext@71c8becc: startup date [Sun Apr 08 20:22:54 CST 2018]; root of context hierarchy
2018-04-08 20:22:54.882 INFO [main][XmlBeanDefinitionReader.java:316] - Loading XML bean definitions from file [F:\代码\parking\parking-service\parking-service-impl\target\classes\spring\applicationContext-datasource.xml]
2018-04-08 20:22:55.149 INFO [main][XmlBeanDefinitionReader.java:316] - Loading XML bean definitions from file [F:\代码\parking\parking-service\parking-service-impl\target\classes\spring\applicationContext-mybatis.xml]
2018-04-08 20:22:55.325 INFO [main][XmlBeanDefinitionReader.java:316] - Loading XML bean definitions from file [F:\代码\parking\parking-common\target\classes\spring\applicationContext-common.xml]
2018-04-08 20:22:56.792 INFO [main][Log4j2Impl.java:106] - {dataSource-1} inited
2018-04-08 20:22:57.962 INFO [main][BaseTest.java:30] - ==初始化==
2018-04-08 20:22:57.966 INFO [main][UsersServiceTest.java:34] - usersService:com.carlinfo.parking.users.service.impl.UsersServiceImpl@60f7cc1d
2018-04-08 20:22:58.050 DEBUG [main][BaseJdbcLogger.java:159] - ==>  Preparing: delete from users WHERE id = ? 
2018-04-08 20:22:58.144 DEBUG [main][BaseJdbcLogger.java:159] - ==> Parameters: 5(String)
2018-04-08 20:22:58.225 DEBUG [main][BaseJdbcLogger.java:159] - <==    Updates: 1
2018-04-08 20:22:58.352 INFO [main][UsersServiceTest.java:158] - --结果->{code=0, data={effect=1, id=5}, info=成功}
2018-04-08 20:22:58.354 INFO [main][BaseTest.java:45] - ==after==
2018-04-08 20:22:58.354 INFO [main][AbstractApplicationContext.java:989] - Closing org.springframework.context.support.ClassPathXmlApplicationContext@71c8becc: startup date [Sun Apr 08 20:22:54 CST 2018]; root of context hierarchy
2018-04-08 20:22:58.368 INFO [main][Log4j2Impl.java:106] - {dataSource-1} closed
2018-04-08 20:24:33.983 INFO [main][AbstractApplicationContext.java:589] - Refreshing org.springframework.context.support.ClassPathXmlApplicationContext@71c8becc: startup date [Sun Apr 08 20:24:33 CST 2018]; root of context hierarchy
2018-04-08 20:24:34.102 INFO [main][XmlBeanDefinitionReader.java:316] - Loading XML bean definitions from file [F:\代码\parking\parking-service\parking-service-impl\target\classes\spring\applicationContext-datasource.xml]
2018-04-08 20:24:34.311 INFO [main][XmlBeanDefinitionReader.java:316] - Loading XML bean definitions from file [F:\代码\parking\parking-service\parking-service-impl\target\classes\spring\applicationContext-mybatis.xml]
2018-04-08 20:24:34.430 INFO [main][XmlBeanDefinitionReader.java:316] - Loading XML bean definitions from file [F:\代码\parking\parking-common\target\classes\spring\applicationContext-common.xml]
2018-04-08 20:24:35.907 INFO [main][Log4j2Impl.java:106] - {dataSource-1} inited
2018-04-08 20:24:37.094 INFO [main][BaseTest.java:30] - ==初始化==
2018-04-08 20:24:37.098 INFO [main][UsersServiceTest.java:34] - usersService:com.carlinfo.parking.users.service.impl.UsersServiceImpl@11eadcba
2018-04-08 20:24:37.205 DEBUG [main][BaseJdbcLogger.java:159] - ==>  Preparing: select * from users WHERE id = ? 
2018-04-08 20:24:37.278 DEBUG [main][BaseJdbcLogger.java:159] - ==> Parameters: 1(String)
2018-04-08 20:24:37.311 DEBUG [main][BaseJdbcLogger.java:159] - <==      Total: 0
2018-04-08 20:24:37.481 INFO [main][BaseTest.java:45] - ==after==
2018-04-08 20:24:37.481 INFO [main][AbstractApplicationContext.java:989] - Closing org.springframework.context.support.ClassPathXmlApplicationContext@71c8becc: startup date [Sun Apr 08 20:24:33 CST 2018]; root of context hierarchy
2018-04-08 20:24:37.494 INFO [main][Log4j2Impl.java:106] - {dataSource-1} closed
2018-04-08 20:24:56.384 INFO [main][AbstractApplicationContext.java:589] - Refreshing org.springframework.context.support.ClassPathXmlApplicationContext@71c8becc: startup date [Sun Apr 08 20:24:56 CST 2018]; root of context hierarchy
2018-04-08 20:24:56.490 INFO [main][XmlBeanDefinitionReader.java:316] - Loading XML bean definitions from file [F:\代码\parking\parking-service\parking-service-impl\target\classes\spring\applicationContext-datasource.xml]
2018-04-08 20:24:56.681 INFO [main][XmlBeanDefinitionReader.java:316] - Loading XML bean definitions from file [F:\代码\parking\parking-service\parking-service-impl\target\classes\spring\applicationContext-mybatis.xml]
2018-04-08 20:24:56.790 INFO [main][XmlBeanDefinitionReader.java:316] - Loading XML bean definitions from file [F:\代码\parking\parking-common\target\classes\spring\applicationContext-common.xml]
2018-04-08 20:24:58.151 INFO [main][Log4j2Impl.java:106] - {dataSource-1} inited
2018-04-08 20:24:59.275 INFO [main][BaseTest.java:30] - ==初始化==
2018-04-08 20:24:59.279 INFO [main][UsersServiceTest.java:34] - usersService:com.carlinfo.parking.users.service.impl.UsersServiceImpl@11eadcba
2018-04-08 20:24:59.400 DEBUG [main][BaseJdbcLogger.java:159] - ==>  Preparing: select * from users WHERE id = ? 
2018-04-08 20:24:59.452 DEBUG [main][BaseJdbcLogger.java:159] - ==> Parameters: 2(String)
2018-04-08 20:24:59.483 DEBUG [main][BaseJdbcLogger.java:159] - <==      Total: 1
2018-04-08 20:24:59.618 INFO [main][UsersServiceTest.java:167] - admins:id:2,email:null_aaa
2018-04-08 20:24:59.619 INFO [main][BaseTest.java:45] - ==after==
2018-04-08 20:24:59.619 INFO [main][AbstractApplicationContext.java:989] - Closing org.springframework.context.support.ClassPathXmlApplicationContext@71c8becc: startup date [Sun Apr 08 20:24:56 CST 2018]; root of context hierarchy
2018-04-08 20:24:59.630 INFO [main][Log4j2Impl.java:106] - {dataSource-1} closed
2018-04-08 20:26:50.886 INFO [main][AbstractApplicationContext.java:589] - Refreshing org.springframework.context.support.ClassPathXmlApplicationContext@71c8becc: startup date [Sun Apr 08 20:26:50 CST 2018]; root of context hierarchy
2018-04-08 20:26:50.984 INFO [main][XmlBeanDefinitionReader.java:316] - Loading XML bean definitions from file [F:\代码\parking\parking-service\parking-service-impl\target\classes\spring\applicationContext-datasource.xml]
2018-04-08 20:26:51.181 INFO [main][XmlBeanDefinitionReader.java:316] - Loading XML bean definitions from file [F:\代码\parking\parking-service\parking-service-impl\target\classes\spring\applicationContext-mybatis.xml]
2018-04-08 20:26:51.319 INFO [main][XmlBeanDefinitionReader.java:316] - Loading XML bean definitions from file [F:\代码\parking\parking-common\target\classes\spring\applicationContext-common.xml]
2018-04-08 20:26:52.638 INFO [main][Log4j2Impl.java:106] - {dataSource-1} inited
2018-04-08 20:26:53.750 INFO [main][BaseTest.java:30] - ==初始化==
2018-04-08 20:26:53.754 INFO [main][UsersServiceTest.java:34] - usersService:com.carlinfo.parking.users.service.impl.UsersServiceImpl@4721d212
2018-04-08 20:26:54.115 DEBUG [main][BaseJdbcLogger.java:159] - ==>  Preparing: SELECT count(0) FROM users WHERE status = ? 
2018-04-08 20:26:54.183 DEBUG [main][BaseJdbcLogger.java:159] - ==> Parameters: 0(String)
2018-04-08 20:26:54.215 DEBUG [main][BaseJdbcLogger.java:159] - <==      Total: 1
2018-04-08 20:26:54.220 DEBUG [main][BaseJdbcLogger.java:159] - ==>  Preparing: select * from users WHERE status = ? order by createTime desc LIMIT ? 
2018-04-08 20:26:54.222 DEBUG [main][BaseJdbcLogger.java:159] - ==> Parameters: 0(String), 10(Integer)
2018-04-08 20:26:54.227 DEBUG [main][BaseJdbcLogger.java:159] - <==      Total: 2
2018-04-08 20:26:54.360 INFO [main][UsersServiceTest.java:187] - admins:id:4,email:11@11.com
2018-04-08 20:26:54.361 INFO [main][UsersServiceTest.java:187] - admins:id:3,email:null
2018-04-08 20:26:54.361 INFO [main][UsersServiceTest.java:190] - 分页信息:PageInfoUtil [totalRecord=2, pageSize=10, totalPage=1, currentPage=1, prePage=1, nextPage=1, currentRecord=0]
2018-04-08 20:26:54.361 INFO [main][BaseTest.java:45] - ==after==
2018-04-08 20:26:54.362 INFO [main][AbstractApplicationContext.java:989] - Closing org.springframework.context.support.ClassPathXmlApplicationContext@71c8becc: startup date [Sun Apr 08 20:26:50 CST 2018]; root of context hierarchy
2018-04-08 20:26:54.368 INFO [main][Log4j2Impl.java:106] - {dataSource-1} closed
2018-04-08 21:15:49.129 INFO [main][AbstractApplicationContext.java:589] - Refreshing org.springframework.context.support.ClassPathXmlApplicationContext@71c8becc: startup date [Sun Apr 08 21:15:49 CST 2018]; root of context hierarchy
2018-04-08 21:15:49.266 INFO [main][XmlBeanDefinitionReader.java:316] - Loading XML bean definitions from file [F:\代码\parking\parking-service\parking-service-impl\target\classes\spring\applicationContext-datasource.xml]
2018-04-08 21:15:49.504 INFO [main][XmlBeanDefinitionReader.java:316] - Loading XML bean definitions from file [F:\代码\parking\parking-service\parking-service-impl\target\classes\spring\applicationContext-mybatis.xml]
2018-04-08 21:15:49.626 INFO [main][XmlBeanDefinitionReader.java:316] - Loading XML bean definitions from file [F:\代码\parking\parking-common\target\classes\spring\applicationContext-common.xml]
2018-04-08 21:15:51.015 INFO [main][Log4j2Impl.java:106] - {dataSource-1} inited
2018-04-08 21:15:52.144 INFO [main][BaseTest.java:30] - ==初始化==
2018-04-08 21:15:52.147 INFO [main][UsersServiceTest.java:35] - usersService:com.carlinfo.parking.users.service.impl.UsersServiceImpl@12dae582
2018-04-08 21:15:52.214 DEBUG [main][BaseJdbcLogger.java:159] - ==>  Preparing: INSERT INTO comments (userId, userName, parkingId, star, comType, status, comment, createTime, updateTime) VALUES (?,?,?,?,?,?,?,?); 
2018-04-08 21:15:52.272 DEBUG [main][BaseJdbcLogger.java:159] - ==> Parameters: 0(Integer), null, 0(Integer), 0(Byte), 0(Byte), 0(Byte), 2018-04-08 21:15:52.148(Timestamp), 2018-04-08 21:15:52.148(Timestamp)
2018-04-08 21:15:52.405 INFO [main][XmlBeanDefinitionReader.java:316] - Loading XML bean definitions from class path resource [org/springframework/jdbc/support/sql-error-codes.xml]
2018-04-08 21:15:52.452 INFO [main][SQLErrorCodesFactory.java:128] - SQLErrorCodes loaded: [DB2, Derby, H2, HSQL, Informix, MS-SQL, MySQL, Oracle, PostgreSQL, Sybase, Hana]
2018-04-08 21:15:52.459 INFO [main][BaseTest.java:45] - ==after==
2018-04-08 21:15:52.460 INFO [main][AbstractApplicationContext.java:989] - Closing org.springframework.context.support.ClassPathXmlApplicationContext@71c8becc: startup date [Sun Apr 08 21:15:49 CST 2018]; root of context hierarchy
2018-04-08 21:15:52.475 INFO [main][Log4j2Impl.java:106] - {dataSource-1} closed
2018-04-08 21:17:40.843 INFO [main][AbstractApplicationContext.java:589] - Refreshing org.springframework.context.support.ClassPathXmlApplicationContext@71c8becc: startup date [Sun Apr 08 21:17:40 CST 2018]; root of context hierarchy
2018-04-08 21:17:40.948 INFO [main][XmlBeanDefinitionReader.java:316] - Loading XML bean definitions from file [F:\代码\parking\parking-service\parking-service-impl\target\classes\spring\applicationContext-datasource.xml]
2018-04-08 21:17:41.141 INFO [main][XmlBeanDefinitionReader.java:316] - Loading XML bean definitions from file [F:\代码\parking\parking-service\parking-service-impl\target\classes\spring\applicationContext-mybatis.xml]
2018-04-08 21:17:41.230 INFO [main][XmlBeanDefinitionReader.java:316] - Loading XML bean definitions from file [F:\代码\parking\parking-common\target\classes\spring\applicationContext-common.xml]
2018-04-08 21:17:42.507 INFO [main][Log4j2Impl.java:106] - {dataSource-1} inited
2018-04-08 21:17:43.655 INFO [main][BaseTest.java:30] - ==初始化==
2018-04-08 21:17:43.661 INFO [main][UsersServiceTest.java:35] - usersService:com.carlinfo.parking.users.service.impl.UsersServiceImpl@14f5da2c
2018-04-08 21:17:43.744 DEBUG [main][BaseJdbcLogger.java:159] - ==>  Preparing: INSERT INTO comment (userId, userName, parkingId, star, comType, status, comment, createTime, updateTime) VALUES (?,?,?,?,?,?,?,?); 
2018-04-08 21:17:43.812 DEBUG [main][BaseJdbcLogger.java:159] - ==> Parameters: 0(Integer), null, 0(Integer), 0(Byte), 0(Byte), 0(Byte), 2018-04-08 21:17:43.663(Timestamp), 2018-04-08 21:17:43.663(Timestamp)
2018-04-08 21:17:43.847 INFO [main][XmlBeanDefinitionReader.java:316] - Loading XML bean definitions from class path resource [org/springframework/jdbc/support/sql-error-codes.xml]
2018-04-08 21:17:43.903 INFO [main][SQLErrorCodesFactory.java:128] - SQLErrorCodes loaded: [DB2, Derby, H2, HSQL, Informix, MS-SQL, MySQL, Oracle, PostgreSQL, Sybase, Hana]
2018-04-08 21:17:43.909 INFO [main][BaseTest.java:45] - ==after==
2018-04-08 21:17:43.910 INFO [main][AbstractApplicationContext.java:989] - Closing org.springframework.context.support.ClassPathXmlApplicationContext@71c8becc: startup date [Sun Apr 08 21:17:40 CST 2018]; root of context hierarchy
2018-04-08 21:17:43.917 INFO [main][Log4j2Impl.java:106] - {dataSource-1} closed
2018-04-08 21:19:47.349 INFO [main][AbstractApplicationContext.java:589] - Refreshing org.springframework.context.support.ClassPathXmlApplicationContext@71c8becc: startup date [Sun Apr 08 21:19:47 CST 2018]; root of context hierarchy
2018-04-08 21:19:47.453 INFO [main][XmlBeanDefinitionReader.java:316] - Loading XML bean definitions from file [F:\代码\parking\parking-service\parking-service-impl\target\classes\spring\applicationContext-datasource.xml]
2018-04-08 21:19:47.644 INFO [main][XmlBeanDefinitionReader.java:316] - Loading XML bean definitions from file [F:\代码\parking\parking-service\parking-service-impl\target\classes\spring\applicationContext-mybatis.xml]
2018-04-08 21:19:47.736 INFO [main][XmlBeanDefinitionReader.java:316] - Loading XML bean definitions from file [F:\代码\parking\parking-common\target\classes\spring\applicationContext-common.xml]
2018-04-08 21:19:49.293 INFO [main][Log4j2Impl.java:106] - {dataSource-1} inited
2018-04-08 21:19:50.481 INFO [main][BaseTest.java:30] - ==初始化==
2018-04-08 21:19:50.485 INFO [main][UsersServiceTest.java:35] - usersService:com.carlinfo.parking.users.service.impl.UsersServiceImpl@12dae582
2018-04-08 21:19:50.556 DEBUG [main][BaseJdbcLogger.java:159] - ==>  Preparing: INSERT INTO comment (userId, userName, parkingId, star, comType, status, comment, createTime, updateTime) VALUES (?,?,?,?,?,?,?,?,?); 
2018-04-08 21:19:50.634 INFO [main][BaseTest.java:45] - ==after==
2018-04-08 21:19:50.634 INFO [main][AbstractApplicationContext.java:989] - Closing org.springframework.context.support.ClassPathXmlApplicationContext@71c8becc: startup date [Sun Apr 08 21:19:47 CST 2018]; root of context hierarchy
2018-04-08 21:19:50.643 INFO [main][Log4j2Impl.java:106] - {dataSource-1} closed
2018-04-08 21:21:55.182 INFO [main][AbstractApplicationContext.java:589] - Refreshing org.springframework.context.support.ClassPathXmlApplicationContext@71c8becc: startup date [Sun Apr 08 21:21:55 CST 2018]; root of context hierarchy
2018-04-08 21:21:55.292 INFO [main][XmlBeanDefinitionReader.java:316] - Loading XML bean definitions from file [F:\代码\parking\parking-service\parking-service-impl\target\classes\spring\applicationContext-datasource.xml]
2018-04-08 21:21:55.494 INFO [main][XmlBeanDefinitionReader.java:316] - Loading XML bean definitions from file [F:\代码\parking\parking-service\parking-service-impl\target\classes\spring\applicationContext-mybatis.xml]
2018-04-08 21:21:55.602 INFO [main][XmlBeanDefinitionReader.java:316] - Loading XML bean definitions from file [F:\代码\parking\parking-common\target\classes\spring\applicationContext-common.xml]
2018-04-08 21:21:56.948 INFO [main][Log4j2Impl.java:106] - {dataSource-1} inited
2018-04-08 21:21:58.090 INFO [main][BaseTest.java:30] - ==初始化==
2018-04-08 21:21:58.093 INFO [main][UsersServiceTest.java:35] - usersService:com.carlinfo.parking.users.service.impl.UsersServiceImpl@12dae582
2018-04-08 21:21:58.164 DEBUG [main][BaseJdbcLogger.java:159] - ==>  Preparing: INSERT INTO comment (userId, userName, parkingId, star, comType, status, content, createTime, updateTime) VALUES (?,?,?,?,?,?,?,?,?); 
2018-04-08 21:21:58.220 DEBUG [main][BaseJdbcLogger.java:159] - ==> Parameters: 0(Integer), null, 0(Integer), 0(Byte), 0(Byte), 0(Byte), 大家好(String), 2018-04-08 21:21:58.094(Timestamp), 2018-04-08 21:21:58.094(Timestamp)
2018-04-08 21:21:58.310 DEBUG [main][BaseJdbcLogger.java:159] - <==    Updates: 1
2018-04-08 21:21:58.424 INFO [main][UsersServiceTest.java:203] - --结果->{code=0, data={effect=1, id=1}, info=成功}
2018-04-08 21:21:58.424 INFO [main][BaseTest.java:45] - ==after==
2018-04-08 21:21:58.425 INFO [main][AbstractApplicationContext.java:989] - Closing org.springframework.context.support.ClassPathXmlApplicationContext@71c8becc: startup date [Sun Apr 08 21:21:55 CST 2018]; root of context hierarchy
2018-04-08 21:21:58.435 INFO [main][Log4j2Impl.java:106] - {dataSource-1} closed
2018-04-08 22:23:41.056 INFO [main][AbstractApplicationContext.java:589] - Refreshing org.springframework.context.support.ClassPathXmlApplicationContext@71c8becc: startup date [Sun Apr 08 22:23:41 CST 2018]; root of context hierarchy
2018-04-08 22:23:41.146 INFO [main][XmlBeanDefinitionReader.java:316] - Loading XML bean definitions from file [F:\代码\parking\parking-service\parking-service-impl\target\classes\spring\applicationContext-datasource.xml]
2018-04-08 22:23:41.337 INFO [main][XmlBeanDefinitionReader.java:316] - Loading XML bean definitions from file [F:\代码\parking\parking-service\parking-service-impl\target\classes\spring\applicationContext-mybatis.xml]
2018-04-08 22:23:41.446 INFO [main][XmlBeanDefinitionReader.java:316] - Loading XML bean definitions from file [F:\代码\parking\parking-common\target\classes\spring\applicationContext-common.xml]
2018-04-08 22:23:42.835 INFO [main][Log4j2Impl.java:106] - {dataSource-1} inited
2018-04-08 22:23:44.040 INFO [main][BaseTest.java:30] - ==初始化==
2018-04-08 22:23:44.044 INFO [main][UsersServiceTest.java:38] - usersService:com.carlinfo.parking.users.service.impl.UsersServiceImpl@3c435123
2018-04-08 22:23:44.045 INFO [main][BaseTest.java:45] - ==after==
2018-04-08 22:23:44.045 INFO [main][AbstractApplicationContext.java:989] - Closing org.springframework.context.support.ClassPathXmlApplicationContext@71c8becc: startup date [Sun Apr 08 22:23:41 CST 2018]; root of context hierarchy
2018-04-08 22:23:44.054 INFO [main][Log4j2Impl.java:106] - {dataSource-1} closed
2018-04-08 22:25:07.588 INFO [main][AbstractApplicationContext.java:589] - Refreshing org.springframework.context.support.ClassPathXmlApplicationContext@71c8becc: startup date [Sun Apr 08 22:25:07 CST 2018]; root of context hierarchy
2018-04-08 22:25:07.704 INFO [main][XmlBeanDefinitionReader.java:316] - Loading XML bean definitions from file [F:\代码\parking\parking-service\parking-service-impl\target\classes\spring\applicationContext-datasource.xml]
2018-04-08 22:25:07.911 INFO [main][XmlBeanDefinitionReader.java:316] - Loading XML bean definitions from file [F:\代码\parking\parking-service\parking-service-impl\target\classes\spring\applicationContext-mybatis.xml]
2018-04-08 22:25:08.009 INFO [main][XmlBeanDefinitionReader.java:316] - Loading XML bean definitions from file [F:\代码\parking\parking-common\target\classes\spring\applicationContext-common.xml]
2018-04-08 22:25:09.409 INFO [main][Log4j2Impl.java:106] - {dataSource-1} inited
2018-04-08 22:25:10.632 INFO [main][BaseTest.java:30] - ==初始化==
2018-04-08 22:25:10.636 INFO [main][UsersServiceTest.java:38] - usersService:com.carlinfo.parking.users.service.impl.UsersServiceImpl@150ab4ed
2018-04-08 22:25:10.637 INFO [main][BaseTest.java:45] - ==after==
2018-04-08 22:25:10.637 INFO [main][AbstractApplicationContext.java:989] - Closing org.springframework.context.support.ClassPathXmlApplicationContext@71c8becc: startup date [Sun Apr 08 22:25:07 CST 2018]; root of context hierarchy
2018-04-08 22:25:10.645 INFO [main][Log4j2Impl.java:106] - {dataSource-1} closed
2018-04-08 22:29:23.706 INFO [main][AbstractApplicationContext.java:589] - Refreshing org.springframework.context.support.ClassPathXmlApplicationContext@71c8becc: startup date [Sun Apr 08 22:29:23 CST 2018]; root of context hierarchy
2018-04-08 22:29:23.822 INFO [main][XmlBeanDefinitionReader.java:316] - Loading XML bean definitions from file [F:\代码\parking\parking-service\parking-service-impl\target\classes\spring\applicationContext-datasource.xml]
2018-04-08 22:29:24.032 INFO [main][XmlBeanDefinitionReader.java:316] - Loading XML bean definitions from file [F:\代码\parking\parking-service\parking-service-impl\target\classes\spring\applicationContext-mybatis.xml]
2018-04-08 22:29:24.174 INFO [main][XmlBeanDefinitionReader.java:316] - Loading XML bean definitions from file [F:\代码\parking\parking-common\target\classes\spring\applicationContext-common.xml]
2018-04-08 22:29:25.666 INFO [main][Log4j2Impl.java:106] - {dataSource-1} inited
2018-04-08 22:29:27.093 INFO [main][BaseTest.java:30] - ==初始化==
2018-04-08 22:29:27.097 INFO [main][UsersServiceTest.java:38] - usersService:com.carlinfo.parking.users.service.impl.UsersServiceImpl@3c435123
2018-04-08 22:29:28.992 DEBUG [main][BaseJdbcLogger.java:159] - ==>  Preparing: INSERT INTO admins (ssoId, email, trueName, status, createTime, updateTime, lastLoginTime) VALUES (?,?,?,?,?,?,?); 
2018-04-08 22:29:29.288 DEBUG [main][BaseJdbcLogger.java:159] - ==> Parameters: 0(Integer), 11@11.com(String), null, 0(Byte), 2018-04-08 22:29:27.099(Timestamp), 2018-04-08 22:29:27.099(Timestamp), 2018-04-08 22:29:27.099(Timestamp)
2018-04-08 22:29:29.607 DEBUG [main][BaseJdbcLogger.java:159] - <==    Updates: 1
2018-04-08 22:29:30.477 INFO [main][UsersServiceTest.java:53] - --结果->{code=0, data={effect=1, id=7}, info=成功}
2018-04-08 22:29:30.479 INFO [main][BaseTest.java:45] - ==after==
2018-04-08 22:29:30.479 INFO [main][AbstractApplicationContext.java:989] - Closing org.springframework.context.support.ClassPathXmlApplicationContext@71c8becc: startup date [Sun Apr 08 22:29:23 CST 2018]; root of context hierarchy
2018-04-08 22:29:30.485 INFO [main][Log4j2Impl.java:106] - {dataSource-1} closed
2018-04-08 22:29:45.089 INFO [main][AbstractApplicationContext.java:589] - Refreshing org.springframework.context.support.ClassPathXmlApplicationContext@71c8becc: startup date [Sun Apr 08 22:29:45 CST 2018]; root of context hierarchy
2018-04-08 22:29:45.202 INFO [main][XmlBeanDefinitionReader.java:316] - Loading XML bean definitions from file [F:\代码\parking\parking-service\parking-service-impl\target\classes\spring\applicationContext-datasource.xml]
2018-04-08 22:29:45.418 INFO [main][XmlBeanDefinitionReader.java:316] - Loading XML bean definitions from file [F:\代码\parking\parking-service\parking-service-impl\target\classes\spring\applicationContext-mybatis.xml]
2018-04-08 22:29:45.513 INFO [main][XmlBeanDefinitionReader.java:316] - Loading XML bean definitions from file [F:\代码\parking\parking-common\target\classes\spring\applicationContext-common.xml]
2018-04-08 22:29:46.852 INFO [main][Log4j2Impl.java:106] - {dataSource-1} inited
2018-04-08 22:29:48.387 INFO [main][BaseTest.java:30] - ==初始化==
2018-04-08 22:29:48.391 INFO [main][UsersServiceTest.java:38] - usersService:com.carlinfo.parking.users.service.impl.UsersServiceImpl@150ab4ed
2018-04-08 22:29:48.392 INFO [main][BaseTest.java:45] - ==after==
2018-04-08 22:29:48.393 INFO [main][AbstractApplicationContext.java:989] - Closing org.springframework.context.support.ClassPathXmlApplicationContext@71c8becc: startup date [Sun Apr 08 22:29:45 CST 2018]; root of context hierarchy
2018-04-08 22:29:48.407 INFO [main][Log4j2Impl.java:106] - {dataSource-1} closed
2018-04-08 22:31:49.827 INFO [main][AbstractApplicationContext.java:589] - Refreshing org.springframework.context.support.ClassPathXmlApplicationContext@71c8becc: startup date [Sun Apr 08 22:31:49 CST 2018]; root of context hierarchy
2018-04-08 22:31:49.944 INFO [main][XmlBeanDefinitionReader.java:316] - Loading XML bean definitions from file [F:\代码\parking\parking-service\parking-service-impl\target\classes\spring\applicationContext-datasource.xml]
2018-04-08 22:31:50.149 INFO [main][XmlBeanDefinitionReader.java:316] - Loading XML bean definitions from file [F:\代码\parking\parking-service\parking-service-impl\target\classes\spring\applicationContext-mybatis.xml]
2018-04-08 22:31:50.250 INFO [main][XmlBeanDefinitionReader.java:316] - Loading XML bean definitions from file [F:\代码\parking\parking-common\target\classes\spring\applicationContext-common.xml]
2018-04-08 22:31:51.618 INFO [main][Log4j2Impl.java:106] - {dataSource-1} inited
2018-04-08 22:31:52.873 INFO [main][BaseTest.java:30] - ==初始化==
2018-04-08 22:31:52.879 INFO [main][UsersServiceTest.java:38] - usersService:com.carlinfo.parking.users.service.impl.UsersServiceImpl@150ab4ed
2018-04-08 22:31:52.880 INFO [main][BaseTest.java:45] - ==after==
2018-04-08 22:31:52.881 INFO [main][AbstractApplicationContext.java:989] - Closing org.springframework.context.support.ClassPathXmlApplicationContext@71c8becc: startup date [Sun Apr 08 22:31:49 CST 2018]; root of context hierarchy
2018-04-08 22:31:52.891 INFO [main][Log4j2Impl.java:106] - {dataSource-1} closed
2018-04-08 22:32:26.308 INFO [main][AbstractApplicationContext.java:589] - Refreshing org.springframework.context.support.ClassPathXmlApplicationContext@71c8becc: startup date [Sun Apr 08 22:32:26 CST 2018]; root of context hierarchy
2018-04-08 22:32:26.456 INFO [main][XmlBeanDefinitionReader.java:316] - Loading XML bean definitions from file [F:\代码\parking\parking-service\parking-service-impl\target\classes\spring\applicationContext-datasource.xml]
2018-04-08 22:32:26.664 INFO [main][XmlBeanDefinitionReader.java:316] - Loading XML bean definitions from file [F:\代码\parking\parking-service\parking-service-impl\target\classes\spring\applicationContext-mybatis.xml]
2018-04-08 22:32:26.812 INFO [main][XmlBeanDefinitionReader.java:316] - Loading XML bean definitions from file [F:\代码\parking\parking-common\target\classes\spring\applicationContext-common.xml]
2018-04-08 22:32:28.223 INFO [main][Log4j2Impl.java:106] - {dataSource-1} inited
2018-04-08 22:32:29.478 INFO [main][BaseTest.java:30] - ==初始化==
2018-04-08 22:32:29.482 INFO [main][UsersServiceTest.java:38] - usersService:com.carlinfo.parking.users.service.impl.UsersServiceImpl@3c435123
2018-04-08 22:32:29.483 INFO [main][BaseTest.java:45] - ==after==
2018-04-08 22:32:29.484 INFO [main][AbstractApplicationContext.java:989] - Closing org.springframework.context.support.ClassPathXmlApplicationContext@71c8becc: startup date [Sun Apr 08 22:32:26 CST 2018]; root of context hierarchy
2018-04-08 22:32:29.492 INFO [main][Log4j2Impl.java:106] - {dataSource-1} closed
2018-04-08 22:42:17.209 INFO [main][AbstractApplicationContext.java:589] - Refreshing org.springframework.context.support.ClassPathXmlApplicationContext@71c8becc: startup date [Sun Apr 08 22:42:17 CST 2018]; root of context hierarchy
2018-04-08 22:42:17.313 INFO [main][XmlBeanDefinitionReader.java:316] - Loading XML bean definitions from file [F:\代码\parking\parking-service\parking-service-impl\target\classes\spring\applicationContext-datasource.xml]
2018-04-08 22:42:17.529 INFO [main][XmlBeanDefinitionReader.java:316] - Loading XML bean definitions from file [F:\代码\parking\parking-service\parking-service-impl\target\classes\spring\applicationContext-mybatis.xml]
2018-04-08 22:42:17.616 INFO [main][XmlBeanDefinitionReader.java:316] - Loading XML bean definitions from file [F:\代码\parking\parking-common\target\classes\spring\applicationContext-common.xml]
2018-04-08 22:42:18.929 INFO [main][Log4j2Impl.java:106] - {dataSource-1} inited
2018-04-08 22:42:20.092 INFO [main][BaseTest.java:30] - ==初始化==
2018-04-08 22:42:20.097 INFO [main][UsersServiceTest.java:38] - usersService:com.carlinfo.parking.users.service.impl.UsersServiceImpl@150ab4ed
2018-04-08 22:42:20.101 INFO [main][BaseTest.java:45] - ==after==
2018-04-08 22:42:20.103 INFO [main][AbstractApplicationContext.java:989] - Closing org.springframework.context.support.ClassPathXmlApplicationContext@71c8becc: startup date [Sun Apr 08 22:42:17 CST 2018]; root of context hierarchy
2018-04-08 22:42:20.112 INFO [main][Log4j2Impl.java:106] - {dataSource-1} closed
2018-04-08 22:43:54.634 INFO [main][AbstractApplicationContext.java:589] - Refreshing org.springframework.context.support.ClassPathXmlApplicationContext@71c8becc: startup date [Sun Apr 08 22:43:54 CST 2018]; root of context hierarchy
2018-04-08 22:43:54.734 INFO [main][XmlBeanDefinitionReader.java:316] - Loading XML bean definitions from file [F:\代码\parking\parking-service\parking-service-impl\target\classes\spring\applicationContext-datasource.xml]
2018-04-08 22:43:54.925 INFO [main][XmlBeanDefinitionReader.java:316] - Loading XML bean definitions from file [F:\代码\parking\parking-service\parking-service-impl\target\classes\spring\applicationContext-mybatis.xml]
2018-04-08 22:43:55.034 INFO [main][XmlBeanDefinitionReader.java:316] - Loading XML bean definitions from file [F:\代码\parking\parking-common\target\classes\spring\applicationContext-common.xml]
2018-04-08 22:43:56.416 INFO [main][Log4j2Impl.java:106] - {dataSource-1} inited
2018-04-08 22:43:57.612 INFO [main][BaseTest.java:30] - ==初始化==
2018-04-08 22:43:57.616 INFO [main][UsersServiceTest.java:38] - usersService:com.carlinfo.parking.users.service.impl.UsersServiceImpl@150ab4ed
2018-04-08 22:43:57.617 INFO [main][BaseTest.java:45] - ==after==
2018-04-08 22:43:57.618 INFO [main][AbstractApplicationContext.java:989] - Closing org.springframework.context.support.ClassPathXmlApplicationContext@71c8becc: startup date [Sun Apr 08 22:43:54 CST 2018]; root of context hierarchy
2018-04-08 22:43:57.628 INFO [main][Log4j2Impl.java:106] - {dataSource-1} closed
2018-04-08 22:44:32.482 INFO [main][AbstractApplicationContext.java:589] - Refreshing org.springframework.context.support.ClassPathXmlApplicationContext@44a59da3: startup date [Sun Apr 08 22:44:32 CST 2018]; root of context hierarchy
2018-04-08 22:44:32.650 INFO [main][XmlBeanDefinitionReader.java:316] - Loading XML bean definitions from file [F:\代码\parking\parking-service\parking-service-impl\target\classes\spring\applicationContext-datasource.xml]
2018-04-08 22:44:32.856 INFO [main][XmlBeanDefinitionReader.java:316] - Loading XML bean definitions from file [F:\代码\parking\parking-service\parking-service-impl\target\classes\spring\applicationContext-mybatis.xml]
2018-04-08 22:44:32.978 INFO [main][XmlBeanDefinitionReader.java:316] - Loading XML bean definitions from file [F:\代码\parking\parking-common\target\classes\spring\applicationContext-common.xml]
2018-04-08 22:44:34.584 INFO [main][Log4j2Impl.java:106] - {dataSource-1} inited
2018-04-08 22:44:35.983 INFO [main][BaseTest.java:30] - ==初始化==
2018-04-08 22:44:35.988 INFO [main][UsersServiceTest.java:38] - usersService:com.carlinfo.parking.users.service.impl.UsersServiceImpl@7a1f45ed
2018-04-08 22:45:28.026 INFO [main][BaseTest.java:45] - ==after==
2018-04-08 22:45:28.027 INFO [main][AbstractApplicationContext.java:989] - Closing org.springframework.context.support.ClassPathXmlApplicationContext@44a59da3: startup date [Sun Apr 08 22:44:32 CST 2018]; root of context hierarchy
2018-04-08 22:45:28.042 INFO [main][Log4j2Impl.java:106] - {dataSource-1} closed
2018-04-08 22:46:00.457 INFO [main][AbstractApplicationContext.java:589] - Refreshing org.springframework.context.support.ClassPathXmlApplicationContext@44a59da3: startup date [Sun Apr 08 22:46:00 CST 2018]; root of context hierarchy
2018-04-08 22:46:00.590 INFO [main][XmlBeanDefinitionReader.java:316] - Loading XML bean definitions from file [F:\代码\parking\parking-service\parking-service-impl\target\classes\spring\applicationContext-datasource.xml]
2018-04-08 22:46:00.799 INFO [main][XmlBeanDefinitionReader.java:316] - Loading XML bean definitions from file [F:\代码\parking\parking-service\parking-service-impl\target\classes\spring\applicationContext-mybatis.xml]
2018-04-08 22:46:00.912 INFO [main][XmlBeanDefinitionReader.java:316] - Loading XML bean definitions from file [F:\代码\parking\parking-common\target\classes\spring\applicationContext-common.xml]
2018-04-08 22:46:02.469 INFO [main][Log4j2Impl.java:106] - {dataSource-1} inited
2018-04-08 22:46:03.840 INFO [main][BaseTest.java:30] - ==初始化==
2018-04-08 22:46:03.843 INFO [main][UsersServiceTest.java:38] - usersService:com.carlinfo.parking.users.service.impl.UsersServiceImpl@6240651f
2018-04-08 22:46:03.845 INFO [main][BaseTest.java:45] - ==after==
2018-04-08 22:46:03.845 INFO [main][AbstractApplicationContext.java:989] - Closing org.springframework.context.support.ClassPathXmlApplicationContext@44a59da3: startup date [Sun Apr 08 22:46:00 CST 2018]; root of context hierarchy
2018-04-08 22:46:03.865 INFO [main][Log4j2Impl.java:106] - {dataSource-1} closed
2018-04-08 22:46:25.680 INFO [main][AbstractApplicationContext.java:589] - Refreshing org.springframework.context.support.ClassPathXmlApplicationContext@44a59da3: startup date [Sun Apr 08 22:46:25 CST 2018]; root of context hierarchy
2018-04-08 22:46:25.812 INFO [main][XmlBeanDefinitionReader.java:316] - Loading XML bean definitions from file [F:\代码\parking\parking-service\parking-service-impl\target\classes\spring\applicationContext-datasource.xml]
2018-04-08 22:46:26.027 INFO [main][XmlBeanDefinitionReader.java:316] - Loading XML bean definitions from file [F:\代码\parking\parking-service\parking-service-impl\target\classes\spring\applicationContext-mybatis.xml]
2018-04-08 22:46:26.157 INFO [main][XmlBeanDefinitionReader.java:316] - Loading XML bean definitions from file [F:\代码\parking\parking-common\target\classes\spring\applicationContext-common.xml]
2018-04-08 22:46:27.735 INFO [main][Log4j2Impl.java:106] - {dataSource-1} inited
2018-04-08 22:46:29.041 INFO [main][BaseTest.java:30] - ==初始化==
2018-04-08 22:46:29.045 INFO [main][UsersServiceTest.java:38] - usersService:com.carlinfo.parking.users.service.impl.UsersServiceImpl@6240651f
2018-04-08 22:47:41.489 INFO [main][AbstractApplicationContext.java:589] - Refreshing org.springframework.context.support.ClassPathXmlApplicationContext@44a59da3: startup date [Sun Apr 08 22:47:41 CST 2018]; root of context hierarchy
2018-04-08 22:47:41.614 INFO [main][XmlBeanDefinitionReader.java:316] - Loading XML bean definitions from file [F:\代码\parking\parking-service\parking-service-impl\target\classes\spring\applicationContext-datasource.xml]
2018-04-08 22:47:41.821 INFO [main][XmlBeanDefinitionReader.java:316] - Loading XML bean definitions from file [F:\代码\parking\parking-service\parking-service-impl\target\classes\spring\applicationContext-mybatis.xml]
2018-04-08 22:47:41.935 INFO [main][XmlBeanDefinitionReader.java:316] - Loading XML bean definitions from file [F:\代码\parking\parking-common\target\classes\spring\applicationContext-common.xml]
2018-04-08 22:47:43.650 INFO [main][Log4j2Impl.java:106] - {dataSource-1} inited
2018-04-08 22:47:45.058 INFO [main][BaseTest.java:30] - ==初始化==
2018-04-08 22:47:45.063 INFO [main][UsersServiceTest.java:38] - usersService:com.carlinfo.parking.users.service.impl.UsersServiceImpl@5496c165
2018-04-08 22:48:32.813 INFO [main][BaseTest.java:45] - ==after==
2018-04-08 22:48:32.820 INFO [main][AbstractApplicationContext.java:989] - Closing org.springframework.context.support.ClassPathXmlApplicationContext@44a59da3: startup date [Sun Apr 08 22:47:41 CST 2018]; root of context hierarchy
2018-04-08 22:48:32.985 INFO [main][Log4j2Impl.java:106] - {dataSource-1} closed
2018-04-08 22:51:32.201 INFO [main][AbstractApplicationContext.java:589] - Refreshing org.springframework.context.support.ClassPathXmlApplicationContext@71c8becc: startup date [Sun Apr 08 22:51:32 CST 2018]; root of context hierarchy
2018-04-08 22:51:32.318 INFO [main][XmlBeanDefinitionReader.java:316] - Loading XML bean definitions from file [F:\代码\parking\parking-service\parking-service-impl\target\classes\spring\applicationContext-datasource.xml]
2018-04-08 22:51:32.511 INFO [main][XmlBeanDefinitionReader.java:316] - Loading XML bean definitions from file [F:\代码\parking\parking-service\parking-service-impl\target\classes\spring\applicationContext-mybatis.xml]
2018-04-08 22:51:32.630 INFO [main][XmlBeanDefinitionReader.java:316] - Loading XML bean definitions from file [F:\代码\parking\parking-common\target\classes\spring\applicationContext-common.xml]
2018-04-08 22:51:33.977 INFO [main][Log4j2Impl.java:106] - {dataSource-1} inited
2018-04-08 22:51:35.222 INFO [main][BaseTest.java:30] - ==初始化==
2018-04-08 22:51:35.226 INFO [main][UsersServiceTest.java:38] - usersService:com.carlinfo.parking.users.service.impl.UsersServiceImpl@150ab4ed
2018-04-08 22:51:35.243 INFO [main][BaseTest.java:45] - ==after==
2018-04-08 22:51:35.243 INFO [main][AbstractApplicationContext.java:989] - Closing org.springframework.context.support.ClassPathXmlApplicationContext@71c8becc: startup date [Sun Apr 08 22:51:32 CST 2018]; root of context hierarchy
2018-04-08 22:51:35.255 INFO [main][Log4j2Impl.java:106] - {dataSource-1} closed
