2018-04-09 11:02:24.339 INFO [main][AbstractApplicationContext.java:589] - Refreshing org.springframework.context.support.ClassPathXmlApplicationContext@60611244: startup date [Mon Apr 09 11:02:24 CST 2018]; root of context hierarchy
2018-04-09 11:02:24.469 INFO [main][XmlBeanDefinitionReader.java:316] - Loading XML bean definitions from file [D:\test\parking\parking-service\parking-service-impl\target\classes\spring\applicationContext-datasource.xml]
2018-04-09 11:02:24.720 INFO [main][XmlBeanDefinitionReader.java:316] - Loading XML bean definitions from file [D:\test\parking\parking-service\parking-service-impl\target\classes\spring\applicationContext-mybatis.xml]
2018-04-09 11:02:24.821 INFO [main][XmlBeanDefinitionReader.java:316] - Loading XML bean definitions from file [D:\test\parking\parking-common\target\classes\spring\applicationContext-common.xml]
2018-04-09 11:02:26.703 INFO [main][Log4j2Impl.java:106] - {dataSource-1} inited
2018-04-09 11:02:27.447 WARN [main][AbstractApplicationContext.java:557] - Exception encountered during context initialization - cancelling refresh attempt: org.springframework.beans.factory.BeanCreationException: Error creating bean with name 'aaa' defined in file [D:\test\parking\parking-service\parking-service-impl\target\classes\spring\applicationContext-mybatis.xml]: Invocation of init method failed; nested exception is org.springframework.core.NestedIOException: Failed to parse mapping resource: 'file [D:\test\parking\parking-service\parking-service-impl\target\classes\com\carlinfo\parking\orders\dao\AOrdersHistoryMapper.xml]'; nested exception is org.apache.ibatis.builder.BuilderException: Error parsing Mapper XML. The XML location is 'file [D:\test\parking\parking-service\parking-service-impl\target\classes\com\carlinfo\parking\orders\dao\AOrdersHistoryMapper.xml]'. Cause: org.apache.ibatis.builder.BuilderException: Error resolving class. Cause: org.apache.ibatis.type.TypeException: Could not resolve type alias 'com.carlinfo.order_history.orders.pojo.AOrdersHistory'.  Cause: java.lang.ClassNotFoundException: Cannot find class: com.carlinfo.order_history.orders.pojo.AOrdersHistory
2018-04-09 11:02:27.455 INFO [main][Log4j2Impl.java:106] - {dataSource-1} closed
2018-04-09 11:02:27.458 INFO [main][BaseTest.java:45] - ==after==
2018-04-09 11:03:17.558 INFO [main][AbstractApplicationContext.java:589] - Refreshing org.springframework.context.support.ClassPathXmlApplicationContext@60611244: startup date [Mon Apr 09 11:03:17 CST 2018]; root of context hierarchy
2018-04-09 11:03:17.668 INFO [main][XmlBeanDefinitionReader.java:316] - Loading XML bean definitions from file [D:\test\parking\parking-service\parking-service-impl\target\classes\spring\applicationContext-datasource.xml]
2018-04-09 11:03:17.899 INFO [main][XmlBeanDefinitionReader.java:316] - Loading XML bean definitions from file [D:\test\parking\parking-service\parking-service-impl\target\classes\spring\applicationContext-mybatis.xml]
2018-04-09 11:03:18.020 INFO [main][XmlBeanDefinitionReader.java:316] - Loading XML bean definitions from file [D:\test\parking\parking-common\target\classes\spring\applicationContext-common.xml]
2018-04-09 11:03:19.630 INFO [main][Log4j2Impl.java:106] - {dataSource-1} inited
2018-04-09 11:03:21.007 INFO [main][BaseTest.java:30] - ==初始化==
2018-04-09 11:03:21.012 INFO [main][OrdersServiceTest.java:32] - ordersService:com.carlinfo.parking.orders.service.impl.OrdersServiceImpl@366ef90e
2018-04-09 11:03:21.154 INFO [main][XmlBeanDefinitionReader.java:316] - Loading XML bean definitions from class path resource [org/springframework/jdbc/support/sql-error-codes.xml]
2018-04-09 11:03:21.219 INFO [main][SQLErrorCodesFactory.java:128] - SQLErrorCodes loaded: [DB2, Derby, H2, HSQL, Informix, MS-SQL, MySQL, Oracle, PostgreSQL, Sybase, Hana]
2018-04-09 11:03:21.246 INFO [main][BaseTest.java:45] - ==after==
2018-04-09 11:03:21.248 INFO [main][AbstractApplicationContext.java:989] - Closing org.springframework.context.support.ClassPathXmlApplicationContext@60611244: startup date [Mon Apr 09 11:03:17 CST 2018]; root of context hierarchy
2018-04-09 11:03:21.256 INFO [main][Log4j2Impl.java:106] - {dataSource-1} closed
2018-04-09 11:03:40.602 INFO [main][AbstractApplicationContext.java:589] - Refreshing org.springframework.context.support.ClassPathXmlApplicationContext@60611244: startup date [Mon Apr 09 11:03:40 CST 2018]; root of context hierarchy
2018-04-09 11:03:40.740 INFO [main][XmlBeanDefinitionReader.java:316] - Loading XML bean definitions from file [D:\test\parking\parking-service\parking-service-impl\target\classes\spring\applicationContext-datasource.xml]
2018-04-09 11:03:40.972 INFO [main][XmlBeanDefinitionReader.java:316] - Loading XML bean definitions from file [D:\test\parking\parking-service\parking-service-impl\target\classes\spring\applicationContext-mybatis.xml]
2018-04-09 11:03:41.077 INFO [main][XmlBeanDefinitionReader.java:316] - Loading XML bean definitions from file [D:\test\parking\parking-common\target\classes\spring\applicationContext-common.xml]
2018-04-09 11:03:42.793 INFO [main][Log4j2Impl.java:106] - {dataSource-1} inited
2018-04-09 11:03:44.274 INFO [main][BaseTest.java:30] - ==初始化==
2018-04-09 11:03:44.279 INFO [main][OrdersServiceTest.java:32] - ordersService:com.carlinfo.parking.orders.service.impl.OrdersServiceImpl@366ef90e
2018-04-09 11:03:44.633 INFO [main][OrdersServiceTest.java:59] - --结果->{code=0, data={effect=1, id=2}, info=成功}
2018-04-09 11:03:44.635 INFO [main][BaseTest.java:45] - ==after==
2018-04-09 11:03:44.636 INFO [main][AbstractApplicationContext.java:989] - Closing org.springframework.context.support.ClassPathXmlApplicationContext@60611244: startup date [Mon Apr 09 11:03:40 CST 2018]; root of context hierarchy
2018-04-09 11:03:44.644 INFO [main][Log4j2Impl.java:106] - {dataSource-1} closed
